<?xml version="1.0" encoding="UTF-8"?>
<!-- Generated by org.testng.reporters.JUnitXMLReporter -->
<testsuite ignored="0" hostname="LAPTOP-VAOR0SHC" failures="0" tests="4" name="Default test" time="37.772" errors="0" timestamp="2021-11-17T15:07:22 IST">
  <testcase classname="TestNG.TestngAssignment" name="validateUserName" time="0.084"/>
  <testcase classname="TestNG.TestngAssignment" name="validateLoginPanel" time="0.053"/>
  <testcase classname="TestNG.TestngAssignment" name="noRecord" time="7.218"/>
  <testcase classname="TestNG.TestngAssignment" name="displayRecord" time="7.22"/>
</testsuite> <!-- Default test -->
